<?xml version="1.0" encoding="UTF-8"?>
<testng-results skipped="0" failed="0" total="1" passed="1">
  <reporter-output>
  </reporter-output>
  <suite name="Default suite" duration-ms="14301" started-at="2018-01-16T19:33:02Z" finished-at="2018-01-16T19:33:16Z">
    <groups>
    </groups>
    <test name="Default test" duration-ms="14301" started-at="2018-01-16T19:33:02Z" finished-at="2018-01-16T19:33:16Z">
      <class name="com.wordpress.qa.TestCases.VerifyWordpressLogin1">
        <test-method status="PASS" signature="verifyValidLogin()[pri:0, instance:com.wordpress.qa.TestCases.VerifyWordpressLogin1@3c09711b]" name="verifyValidLogin" duration-ms="14269" started-at="2018-01-17T01:03:02Z" finished-at="2018-01-17T01:03:16Z">
          <reporter-output>
          </reporter-output>
        </test-method> <!-- verifyValidLogin -->
      </class> <!-- com.wordpress.qa.TestCases.VerifyWordpressLogin1 -->
    </test> <!-- Default test -->
  </suite> <!-- Default suite -->
</testng-results>
